{"C:\\Users\\Home\\WebstormProjects\\react-project\\src\\components\\content\\Content.tsx": {"path":"C:\\Users\\Home\\WebstormProjects\\react-project\\src\\components\\content\\Content.tsx","statementMap":{"0":{"start":{"line":1,"column":0},"end":{"line":1,"column":43}},"1":{"start":{"line":2,"column":0},"end":{"line":2,"column":41}},"2":{"start":{"line":3,"column":0},"end":{"line":3,"column":64}},"3":{"start":{"line":4,"column":0},"end":{"line":4,"column":72}},"4":{"start":{"line":5,"column":0},"end":{"line":5,"column":53}},"5":{"start":{"line":6,"column":0},"end":{"line":6,"column":35}},"6":{"start":{"line":7,"column":0},"end":{"line":7,"column":45}},"7":{"start":{"line":8,"column":0},"end":{"line":8,"column":79}},"8":{"start":{"line":9,"column":0},"end":{"line":9,"column":42}},"9":{"start":{"line":10,"column":0},"end":{"line":10,"column":78}},"10":{"start":{"line":11,"column":0},"end":{"line":11,"column":65}},"11":{"start":{"line":13,"column":16},"end":{"line":118,"column":1}},"12":{"start":{"line":14,"column":42},"end":{"line":14,"column":59}},"13":{"start":{"line":15,"column":20},"end":{"line":15,"column":52}},"14":{"start":{"line":16,"column":19},"end":{"line":16,"column":32}},"15":{"start":{"line":17,"column":23},"end":{"line":17,"column":78}},"16":{"start":{"line":17,"column":52},"end":{"line":17,"column":77}},"17":{"start":{"line":18,"column":20},"end":{"line":18,"column":76}},"18":{"start":{"line":18,"column":49},"end":{"line":18,"column":75}},"19":{"start":{"line":19,"column":15},"end":{"line":19,"column":72}},"20":{"start":{"line":19,"column":44},"end":{"line":19,"column":71}},"21":{"start":{"line":20,"column":19},"end":{"line":20,"column":38}},"22":{"start":{"line":26,"column":6},"end":{"line":29,"column":4}},"23":{"start":{"line":31,"column":2},"end":{"line":38,"column":58}},"24":{"start":{"line":32,"column":4},"end":{"line":35,"column":6}},"25":{"start":{"line":36,"column":4},"end":{"line":36,"column":46}},"26":{"start":{"line":37,"column":4},"end":{"line":37,"column":34}},"27":{"start":{"line":40,"column":2},"end":{"line":42,"column":9}},"28":{"start":{"line":41,"column":4},"end":{"line":41,"column":36}},"29":{"start":{"line":44,"column":2},"end":{"line":44,"column":25}},"30":{"start":{"line":46,"column":4},"end":{"line":46,"column":69}},"31":{"start":{"line":50,"column":4},"end":{"line":50,"column":31}},"32":{"start":{"line":53,"column":2},"end":{"line":55,"column":null}},"33":{"start":{"line":54,"column":4},"end":{"line":54,"column":22}},"34":{"start":{"line":57,"column":2},"end":{"line":117,"column":4}},"35":{"start":{"line":64,"column":16},"end":{"line":68,"column":30}},"36":{"start":{"line":71,"column":61},"end":{"line":71,"column":74}},"37":{"start":{"line":72,"column":16},"end":{"line":82,"column":18}},"38":{"start":{"line":80,"column":42},"end":{"line":80,"column":59}},"39":{"start":{"line":91,"column":12},"end":{"line":91,"column":61}},"40":{"start":{"line":107,"column":10},"end":{"line":113,"column":12}},"41":{"start":{"line":120,"column":9},"end":{"line":120,"column":16}}},"fnMap":{"0":{"name":"(anonymous_1)","decl":{"start":{"line":13,"column":16},"end":{"line":13,"column":19}},"loc":{"start":{"line":13,"column":21},"end":{"line":118,"column":1}}},"1":{"name":"(anonymous_2)","decl":{"start":{"line":17,"column":41},"end":{"line":17,"column":42}},"loc":{"start":{"line":17,"column":52},"end":{"line":17,"column":77}}},"2":{"name":"(anonymous_3)","decl":{"start":{"line":18,"column":38},"end":{"line":18,"column":39}},"loc":{"start":{"line":18,"column":49},"end":{"line":18,"column":75}}},"3":{"name":"(anonymous_4)","decl":{"start":{"line":19,"column":33},"end":{"line":19,"column":34}},"loc":{"start":{"line":19,"column":44},"end":{"line":19,"column":71}}},"4":{"name":"(anonymous_5)","decl":{"start":{"line":31,"column":12},"end":{"line":31,"column":15}},"loc":{"start":{"line":31,"column":17},"end":{"line":38,"column":3}}},"5":{"name":"(anonymous_6)","decl":{"start":{"line":40,"column":12},"end":{"line":40,"column":15}},"loc":{"start":{"line":40,"column":17},"end":{"line":42,"column":3}}},"6":{"name":"onDetailsCard","decl":{"start":{"line":45,"column":11},"end":{"line":45,"column":24}},"loc":{"start":{"line":45,"column":35},"end":{"line":47,"column":3}}},"7":{"name":"sendPageNumber","decl":{"start":{"line":49,"column":11},"end":{"line":49,"column":25}},"loc":{"start":{"line":49,"column":38},"end":{"line":51,"column":3}}},"8":{"name":"(anonymous_9)","decl":{"start":{"line":63,"column":22},"end":{"line":63,"column":23}},"loc":{"start":{"line":64,"column":16},"end":{"line":68,"column":30}}},"9":{"name":"(anonymous_10)","decl":{"start":{"line":70,"column":19},"end":{"line":70,"column":20}},"loc":{"start":{"line":70,"column":37},"end":{"line":83,"column":15}}},"10":{"name":"(anonymous_11)","decl":{"start":{"line":80,"column":36},"end":{"line":80,"column":39}},"loc":{"start":{"line":80,"column":42},"end":{"line":80,"column":59}}},"11":{"name":"(anonymous_12)","decl":{"start":{"line":90,"column":20},"end":{"line":90,"column":21}},"loc":{"start":{"line":90,"column":30},"end":{"line":92,"column":11}}},"12":{"name":"(anonymous_13)","decl":{"start":{"line":106,"column":14},"end":{"line":106,"column":15}},"loc":{"start":{"line":106,"column":27},"end":{"line":114,"column":9}}}},"branchMap":{"0":{"loc":{"start":{"line":27,"column":10},"end":{"line":27,"column":60}},"type":"cond-expr","locations":[{"start":{"line":27,"column":29},"end":{"line":27,"column":48}},{"start":{"line":27,"column":51},"end":{"line":27,"column":60}}]},"1":{"loc":{"start":{"line":27,"column":51},"end":{"line":27,"column":60}},"type":"binary-expr","locations":[{"start":{"line":27,"column":51},"end":{"line":27,"column":55}},{"start":{"line":27,"column":59},"end":{"line":27,"column":60}}]},"2":{"loc":{"start":{"line":34,"column":6},"end":{"line":34,"column":76}},"type":"cond-expr","locations":[{"start":{"line":34,"column":21},"end":{"line":34,"column":33}},{"start":{"line":34,"column":36},"end":{"line":34,"column":76}}]},"3":{"loc":{"start":{"line":34,"column":36},"end":{"line":34,"column":76}},"type":"binary-expr","locations":[{"start":{"line":34,"column":36},"end":{"line":34,"column":70}},{"start":{"line":34,"column":74},"end":{"line":34,"column":76}}]},"4":{"loc":{"start":{"line":53,"column":2},"end":{"line":55,"column":null}},"type":"if","locations":[{"start":{"line":53,"column":2},"end":{"line":55,"column":null}}]},"5":{"loc":{"start":{"line":60,"column":9},"end":{"line":60,"column":66}},"type":"cond-expr","locations":[{"start":{"line":60,"column":31},"end":{"line":60,"column":59}},{"start":{"line":60,"column":62},"end":{"line":60,"column":66}}]},"6":{"loc":{"start":{"line":60,"column":9},"end":{"line":60,"column":28}},"type":"binary-expr","locations":[{"start":{"line":60,"column":9},"end":{"line":60,"column":19}},{"start":{"line":60,"column":23},"end":{"line":60,"column":28}}]},"7":{"loc":{"start":{"line":61,"column":9},"end":{"line":84,"column":16}},"type":"cond-expr","locations":[{"start":{"line":62,"column":12},"end":{"line":83,"column":16}},{"start":{"line":84,"column":12},"end":{"line":84,"column":16}}]},"8":{"loc":{"start":{"line":61,"column":9},"end":{"line":61,"column":29}},"type":"binary-expr","locations":[{"start":{"line":61,"column":9},"end":{"line":61,"column":19}},{"start":{"line":61,"column":23},"end":{"line":61,"column":29}}]},"9":{"loc":{"start":{"line":64,"column":16},"end":{"line":68,"column":30}},"type":"cond-expr","locations":[{"start":{"line":65,"column":20},"end":{"line":67,"column":33}},{"start":{"line":68,"column":20},"end":{"line":68,"column":30}}]},"10":{"loc":{"start":{"line":65,"column":20},"end":{"line":67,"column":33}},"type":"cond-expr","locations":[{"start":{"line":66,"column":22},"end":{"line":66,"column":32}},{"start":{"line":67,"column":22},"end":{"line":67,"column":33}}]},"11":{"loc":{"start":{"line":102,"column":12},"end":{"line":104,"column":62}},"type":"cond-expr","locations":[{"start":{"line":103,"column":16},"end":{"line":103,"column":39}},{"start":{"line":104,"column":16},"end":{"line":104,"column":62}}]},"12":{"loc":{"start":{"line":104,"column":27},"end":{"line":104,"column":55}},"type":"binary-expr","locations":[{"start":{"line":104,"column":27},"end":{"line":104,"column":50}},{"start":{"line":104,"column":54},"end":{"line":104,"column":55}}]}},"s":{"0":2,"1":2,"2":2,"3":2,"4":2,"5":2,"6":2,"7":2,"8":2,"9":2,"10":2,"11":2,"12":19,"13":19,"14":19,"15":19,"16":40,"17":19,"18":40,"19":19,"20":40,"21":19,"22":19,"23":19,"24":10,"25":10,"26":10,"27":19,"28":3,"29":19,"30":1,"31":1,"32":19,"33":12,"34":7,"35":14,"36":14,"37":14,"38":1,"39":1,"40":7,"41":2},"f":{"0":19,"1":40,"2":40,"3":40,"4":10,"5":3,"6":1,"7":1,"8":14,"9":14,"10":1,"11":1,"12":7},"b":{"0":[3,16],"1":[16,0],"2":[0,10],"3":[10,10],"4":[12],"5":[0,7],"6":[7,7],"7":[7,0],"8":[7,7],"9":[6,8],"10":[6,0],"11":[4,3],"12":[3,3]}}
,"C:\\Users\\Home\\WebstormProjects\\react-project\\src\\components\\content\\Card\\Card.tsx": {"path":"C:\\Users\\Home\\WebstormProjects\\react-project\\src\\components\\content\\Card\\Card.tsx","statementMap":{"0":{"start":{"line":12,"column":13},"end":{"line":30,"column":1}},"1":{"start":{"line":20,"column":2},"end":{"line":29,"column":4}},"2":{"start":{"line":32,"column":9},"end":{"line":32,"column":13}}},"fnMap":{"0":{"name":"(anonymous_0)","decl":{"start":{"line":12,"column":13},"end":{"line":12,"column":14}},"loc":{"start":{"line":19,"column":17},"end":{"line":30,"column":1}}}},"branchMap":{},"s":{"0":3,"1":15,"2":3},"f":{"0":15},"b":{}}
,"C:\\Users\\Home\\WebstormProjects\\react-project\\src\\components\\content\\card-details\\CardDetails.tsx": {"path":"C:\\Users\\Home\\WebstormProjects\\react-project\\src\\components\\content\\card-details\\CardDetails.tsx","statementMap":{"0":{"start":{"line":1,"column":0},"end":{"line":1,"column":47}},"1":{"start":{"line":2,"column":0},"end":{"line":2,"column":54}},"2":{"start":{"line":3,"column":0},"end":{"line":3,"column":47}},"3":{"start":{"line":4,"column":0},"end":{"line":4,"column":48}},"4":{"start":{"line":6,"column":20},"end":{"line":38,"column":1}},"5":{"start":{"line":7,"column":19},"end":{"line":7,"column":32}},"6":{"start":{"line":8,"column":21},"end":{"line":8,"column":41}},"7":{"start":{"line":11,"column":4},"end":{"line":11,"column":17}},"8":{"start":{"line":18,"column":6},"end":{"line":18,"column":40}},"9":{"start":{"line":20,"column":2},"end":{"line":37,"column":4}},"10":{"start":{"line":40,"column":9},"end":{"line":40,"column":20}}},"fnMap":{"0":{"name":"(anonymous_1)","decl":{"start":{"line":6,"column":20},"end":{"line":6,"column":23}},"loc":{"start":{"line":6,"column":25},"end":{"line":38,"column":1}}},"1":{"name":"onClose","decl":{"start":{"line":10,"column":11},"end":{"line":10,"column":18}},"loc":{"start":{"line":10,"column":18},"end":{"line":12,"column":3}}}},"branchMap":{"0":{"loc":{"start":{"line":8,"column":21},"end":{"line":8,"column":41}},"type":"binary-expr","locations":[{"start":{"line":8,"column":21},"end":{"line":8,"column":35}},{"start":{"line":8,"column":39},"end":{"line":8,"column":41}}]}},"s":{"0":1,"1":1,"2":1,"3":1,"4":1,"5":5,"6":5,"7":1,"8":5,"9":5,"10":1},"f":{"0":5,"1":1},"b":{"0":[5,5]}}
,"C:\\Users\\Home\\WebstormProjects\\react-project\\src\\components\\content\\pagination\\Pagination.tsx": {"path":"C:\\Users\\Home\\WebstormProjects\\react-project\\src\\components\\content\\pagination\\Pagination.tsx","statementMap":{"0":{"start":{"line":1,"column":0},"end":{"line":1,"column":46}},"1":{"start":{"line":8,"column":19},"end":{"line":18,"column":1}},"2":{"start":{"line":9,"column":2},"end":{"line":17,"column":4}},"3":{"start":{"line":13,"column":21},"end":{"line":13,"column":45}},"4":{"start":{"line":20,"column":9},"end":{"line":20,"column":19}}},"fnMap":{"0":{"name":"(anonymous_1)","decl":{"start":{"line":8,"column":19},"end":{"line":8,"column":20}},"loc":{"start":{"line":8,"column":65},"end":{"line":18,"column":1}}},"1":{"name":"(anonymous_2)","decl":{"start":{"line":13,"column":15},"end":{"line":13,"column":18}},"loc":{"start":{"line":13,"column":21},"end":{"line":13,"column":45}}}},"branchMap":{},"s":{"0":3,"1":3,"2":8,"3":2,"4":3},"f":{"0":8,"1":2},"b":{}}
,"C:\\Users\\Home\\WebstormProjects\\react-project\\src\\components\\page404\\Page404.tsx": {"path":"C:\\Users\\Home\\WebstormProjects\\react-project\\src\\components\\page404\\Page404.tsx","statementMap":{"0":{"start":{"line":1,"column":16},"end":{"line":3,"column":1}},"1":{"start":{"line":2,"column":2},"end":{"line":2,"column":64}},"2":{"start":{"line":5,"column":9},"end":{"line":5,"column":16}}},"fnMap":{"0":{"name":"(anonymous_0)","decl":{"start":{"line":1,"column":16},"end":{"line":1,"column":19}},"loc":{"start":{"line":1,"column":21},"end":{"line":3,"column":1}}}},"branchMap":{},"s":{"0":1,"1":1,"2":1},"f":{"0":1},"b":{}}
,"C:\\Users\\Home\\WebstormProjects\\react-project\\src\\components\\search\\Search.tsx": {"path":"C:\\Users\\Home\\WebstormProjects\\react-project\\src\\components\\search\\Search.tsx","statementMap":{"0":{"start":{"line":1,"column":0},"end":{"line":1,"column":42}},"1":{"start":{"line":2,"column":0},"end":{"line":2,"column":79}},"2":{"start":{"line":3,"column":0},"end":{"line":3,"column":51}},"3":{"start":{"line":4,"column":0},"end":{"line":4,"column":51}},"4":{"start":{"line":5,"column":0},"end":{"line":5,"column":71}},"5":{"start":{"line":6,"column":0},"end":{"line":6,"column":51}},"6":{"start":{"line":8,"column":15},"end":{"line":47,"column":1}},"7":{"start":{"line":9,"column":40},"end":{"line":10,"column":null}},"8":{"start":{"line":12,"column":25},"end":{"line":12,"column":42}},"9":{"start":{"line":13,"column":2},"end":{"line":13,"column":58}},"10":{"start":{"line":13,"column":31},"end":{"line":13,"column":56}},"11":{"start":{"line":14,"column":19},"end":{"line":14,"column":38}},"12":{"start":{"line":15,"column":22},"end":{"line":15,"column":57}},"13":{"start":{"line":17,"column":2},"end":{"line":19,"column":30}},"14":{"start":{"line":18,"column":4},"end":{"line":18,"column":40}},"15":{"start":{"line":22,"column":4},"end":{"line":22,"column":27}},"16":{"start":{"line":23,"column":4},"end":{"line":23,"column":40}},"17":{"start":{"line":24,"column":4},"end":{"line":24,"column":52}},"18":{"start":{"line":27,"column":2},"end":{"line":46,"column":4}},"19":{"start":{"line":36,"column":12},"end":{"line":36,"column":47}},"20":{"start":{"line":49,"column":9},"end":{"line":49,"column":15}}},"fnMap":{"0":{"name":"(anonymous_1)","decl":{"start":{"line":8,"column":15},"end":{"line":8,"column":18}},"loc":{"start":{"line":8,"column":20},"end":{"line":47,"column":1}}},"1":{"name":"(anonymous_2)","decl":{"start":{"line":13,"column":20},"end":{"line":13,"column":21}},"loc":{"start":{"line":13,"column":31},"end":{"line":13,"column":56}}},"2":{"name":"(anonymous_3)","decl":{"start":{"line":17,"column":12},"end":{"line":17,"column":15}},"loc":{"start":{"line":17,"column":17},"end":{"line":19,"column":3}}},"3":{"name":"onSubmitHandler","decl":{"start":{"line":21,"column":11},"end":{"line":21,"column":26}},"loc":{"start":{"line":21,"column":66},"end":{"line":25,"column":3}}},"4":{"name":"(anonymous_5)","decl":{"start":{"line":35,"column":20},"end":{"line":35,"column":21}},"loc":{"start":{"line":35,"column":30},"end":{"line":37,"column":11}}}},"branchMap":{"0":{"loc":{"start":{"line":10,"column":4},"end":{"line":10,"column":44}},"type":"binary-expr","locations":[{"start":{"line":10,"column":4},"end":{"line":10,"column":38}},{"start":{"line":10,"column":42},"end":{"line":10,"column":44}}]},"1":{"loc":{"start":{"line":15,"column":22},"end":{"line":15,"column":57}},"type":"binary-expr","locations":[{"start":{"line":15,"column":22},"end":{"line":15,"column":51}},{"start":{"line":15,"column":55},"end":{"line":15,"column":57}}]},"2":{"loc":{"start":{"line":31,"column":24},"end":{"line":31,"column":64}},"type":"binary-expr","locations":[{"start":{"line":31,"column":24},"end":{"line":31,"column":58}},{"start":{"line":31,"column":62},"end":{"line":31,"column":64}}]}},"s":{"0":1,"1":1,"2":1,"3":1,"4":1,"5":1,"6":1,"7":10,"8":10,"9":10,"10":18,"11":10,"12":10,"13":10,"14":4,"15":2,"16":2,"17":2,"18":10,"19":4,"20":1},"f":{"0":10,"1":18,"2":4,"3":2,"4":4},"b":{"0":[10,7],"1":[10,10],"2":[10,7]}}
}
