{"C:\\Users\\Home\\WebstormProjects\\react-project\\src\\components\\content\\Content.tsx": {"path":"C:\\Users\\Home\\WebstormProjects\\react-project\\src\\components\\content\\Content.tsx","statementMap":{"0":{"start":{"line":1,"column":0},"end":{"line":1,"column":43}},"1":{"start":{"line":2,"column":0},"end":{"line":2,"column":51}},"2":{"start":{"line":3,"column":0},"end":{"line":3,"column":47}},"3":{"start":{"line":4,"column":0},"end":{"line":4,"column":72}},"4":{"start":{"line":5,"column":0},"end":{"line":5,"column":42}},"5":{"start":{"line":6,"column":0},"end":{"line":6,"column":53}},"6":{"start":{"line":7,"column":0},"end":{"line":7,"column":46}},"7":{"start":{"line":8,"column":0},"end":{"line":8,"column":66}},"8":{"start":{"line":9,"column":0},"end":{"line":9,"column":35}},"9":{"start":{"line":11,"column":16},"end":{"line":112,"column":1}},"10":{"start":{"line":12,"column":38},"end":{"line":12,"column":58}},"11":{"start":{"line":13,"column":32},"end":{"line":13,"column":55}},"12":{"start":{"line":14,"column":19},"end":{"line":14,"column":32}},"13":{"start":{"line":17,"column":4},"end":{"line":17,"column":33}},"14":{"start":{"line":19,"column":2},"end":{"line":33,"column":60}},"15":{"start":{"line":20,"column":4},"end":{"line":20,"column":21}},"16":{"start":{"line":21,"column":28},"end":{"line":21,"column":49}},"17":{"start":{"line":22,"column":4},"end":{"line":32,"column":null}},"18":{"start":{"line":23,"column":6},"end":{"line":31,"column":39}},"19":{"start":{"line":30,"column":26},"end":{"line":30,"column":44}},"20":{"start":{"line":31,"column":20},"end":{"line":31,"column":37}},"21":{"start":{"line":36,"column":4},"end":{"line":36,"column":78}},"22":{"start":{"line":40,"column":4},"end":{"line":42,"column":null}},"23":{"start":{"line":41,"column":6},"end":{"line":41,"column":38}},"24":{"start":{"line":45,"column":2},"end":{"line":47,"column":null}},"25":{"start":{"line":46,"column":4},"end":{"line":46,"column":22}},"26":{"start":{"line":49,"column":2},"end":{"line":111,"column":4}},"27":{"start":{"line":55,"column":14},"end":{"line":59,"column":28}},"28":{"start":{"line":62,"column":59},"end":{"line":62,"column":72}},"29":{"start":{"line":63,"column":14},"end":{"line":73,"column":16}},"30":{"start":{"line":71,"column":40},"end":{"line":71,"column":57}},"31":{"start":{"line":84,"column":12},"end":{"line":84,"column":54}},"32":{"start":{"line":85,"column":12},"end":{"line":85,"column":32}},"33":{"start":{"line":101,"column":10},"end":{"line":107,"column":12}},"34":{"start":{"line":114,"column":9},"end":{"line":114,"column":16}}},"fnMap":{"0":{"name":"(anonymous_1)","decl":{"start":{"line":11,"column":16},"end":{"line":11,"column":19}},"loc":{"start":{"line":11,"column":21},"end":{"line":112,"column":1}}},"1":{"name":"(anonymous_2)","decl":{"start":{"line":19,"column":12},"end":{"line":19,"column":15}},"loc":{"start":{"line":19,"column":17},"end":{"line":33,"column":3}}},"2":{"name":"(anonymous_3)","decl":{"start":{"line":30,"column":14},"end":{"line":30,"column":15}},"loc":{"start":{"line":30,"column":26},"end":{"line":30,"column":44}}},"3":{"name":"(anonymous_4)","decl":{"start":{"line":31,"column":14},"end":{"line":31,"column":17}},"loc":{"start":{"line":31,"column":20},"end":{"line":31,"column":37}}},"4":{"name":"onDetailsCard","decl":{"start":{"line":35,"column":11},"end":{"line":35,"column":24}},"loc":{"start":{"line":35,"column":35},"end":{"line":37,"column":3}}},"5":{"name":"sendPageNumber","decl":{"start":{"line":39,"column":11},"end":{"line":39,"column":25}},"loc":{"start":{"line":39,"column":38},"end":{"line":43,"column":3}}},"6":{"name":"(anonymous_7)","decl":{"start":{"line":54,"column":20},"end":{"line":54,"column":21}},"loc":{"start":{"line":55,"column":14},"end":{"line":59,"column":28}}},"7":{"name":"(anonymous_8)","decl":{"start":{"line":61,"column":17},"end":{"line":61,"column":18}},"loc":{"start":{"line":61,"column":35},"end":{"line":74,"column":13}}},"8":{"name":"(anonymous_9)","decl":{"start":{"line":71,"column":34},"end":{"line":71,"column":37}},"loc":{"start":{"line":71,"column":40},"end":{"line":71,"column":57}}},"9":{"name":"(anonymous_10)","decl":{"start":{"line":83,"column":20},"end":{"line":83,"column":21}},"loc":{"start":{"line":83,"column":30},"end":{"line":86,"column":11}}},"10":{"name":"(anonymous_11)","decl":{"start":{"line":100,"column":14},"end":{"line":100,"column":15}},"loc":{"start":{"line":100,"column":27},"end":{"line":108,"column":9}}}},"branchMap":{"0":{"loc":{"start":{"line":22,"column":4},"end":{"line":32,"column":null}},"type":"if","locations":[{"start":{"line":22,"column":4},"end":{"line":32,"column":null}}]},"1":{"loc":{"start":{"line":22,"column":8},"end":{"line":22,"column":37}},"type":"binary-expr","locations":[{"start":{"line":22,"column":8},"end":{"line":22,"column":18}},{"start":{"line":22,"column":22},"end":{"line":22,"column":37}}]},"2":{"loc":{"start":{"line":24,"column":8},"end":{"line":24,"column":67}},"type":"binary-expr","locations":[{"start":{"line":24,"column":8},"end":{"line":24,"column":23}},{"start":{"line":24,"column":27},"end":{"line":24,"column":61}},{"start":{"line":24,"column":65},"end":{"line":24,"column":67}}]},"3":{"loc":{"start":{"line":25,"column":8},"end":{"line":27,"column":35}},"type":"cond-expr","locations":[{"start":{"line":26,"column":12},"end":{"line":26,"column":57}},{"start":{"line":27,"column":12},"end":{"line":27,"column":35}}]},"4":{"loc":{"start":{"line":27,"column":12},"end":{"line":27,"column":35}},"type":"binary-expr","locations":[{"start":{"line":27,"column":12},"end":{"line":27,"column":30}},{"start":{"line":27,"column":34},"end":{"line":27,"column":35}}]},"5":{"loc":{"start":{"line":40,"column":4},"end":{"line":42,"column":null}},"type":"if","locations":[{"start":{"line":40,"column":4},"end":{"line":42,"column":null}}]},"6":{"loc":{"start":{"line":45,"column":2},"end":{"line":47,"column":null}},"type":"if","locations":[{"start":{"line":45,"column":2},"end":{"line":47,"column":null}}]},"7":{"loc":{"start":{"line":52,"column":9},"end":{"line":76,"column":null}},"type":"cond-expr","locations":[{"start":{"line":53,"column":10},"end":{"line":74,"column":14}},{"start":{"line":76,"column":10},"end":{"line":76,"column":38}}]},"8":{"loc":{"start":{"line":55,"column":14},"end":{"line":59,"column":28}},"type":"cond-expr","locations":[{"start":{"line":56,"column":18},"end":{"line":58,"column":31}},{"start":{"line":59,"column":18},"end":{"line":59,"column":28}}]},"9":{"loc":{"start":{"line":56,"column":18},"end":{"line":58,"column":31}},"type":"cond-expr","locations":[{"start":{"line":57,"column":20},"end":{"line":57,"column":30}},{"start":{"line":58,"column":20},"end":{"line":58,"column":31}}]},"10":{"loc":{"start":{"line":96,"column":12},"end":{"line":98,"column":59}},"type":"cond-expr","locations":[{"start":{"line":97,"column":16},"end":{"line":97,"column":36}},{"start":{"line":98,"column":16},"end":{"line":98,"column":59}}]},"11":{"loc":{"start":{"line":98,"column":27},"end":{"line":98,"column":52}},"type":"binary-expr","locations":[{"start":{"line":98,"column":27},"end":{"line":98,"column":47}},{"start":{"line":98,"column":51},"end":{"line":98,"column":52}}]}},"s":{"0":2,"1":2,"2":2,"3":2,"4":2,"5":2,"6":2,"7":2,"8":2,"9":2,"10":16,"11":16,"12":16,"13":16,"14":16,"15":7,"16":7,"17":7,"18":5,"19":5,"20":5,"21":1,"22":1,"23":1,"24":16,"25":9,"26":7,"27":12,"28":12,"29":12,"30":1,"31":1,"32":1,"33":7,"34":2},"f":{"0":16,"1":7,"2":5,"3":5,"4":1,"5":1,"6":12,"7":12,"8":1,"9":1,"10":7},"b":{"0":[5],"1":[7,2],"2":[5,0,0],"3":[1,4],"4":[4,0],"5":[1],"6":[9],"7":[6,1],"8":[6,6],"9":[6,0],"10":[4,3],"11":[3,3]}}
,"C:\\Users\\Home\\WebstormProjects\\react-project\\src\\components\\content\\Card\\Card.tsx": {"path":"C:\\Users\\Home\\WebstormProjects\\react-project\\src\\components\\content\\Card\\Card.tsx","statementMap":{"0":{"start":{"line":12,"column":13},"end":{"line":30,"column":1}},"1":{"start":{"line":20,"column":2},"end":{"line":29,"column":4}},"2":{"start":{"line":32,"column":9},"end":{"line":32,"column":13}}},"fnMap":{"0":{"name":"(anonymous_0)","decl":{"start":{"line":12,"column":13},"end":{"line":12,"column":14}},"loc":{"start":{"line":19,"column":17},"end":{"line":30,"column":1}}}},"branchMap":{},"s":{"0":3,"1":13,"2":3},"f":{"0":13},"b":{}}
,"C:\\Users\\Home\\WebstormProjects\\react-project\\src\\components\\content\\card-details\\CardDetails.tsx": {"path":"C:\\Users\\Home\\WebstormProjects\\react-project\\src\\components\\content\\card-details\\CardDetails.tsx","statementMap":{"0":{"start":{"line":1,"column":0},"end":{"line":1,"column":47}},"1":{"start":{"line":2,"column":0},"end":{"line":2,"column":54}},"2":{"start":{"line":3,"column":0},"end":{"line":3,"column":41}},"3":{"start":{"line":4,"column":0},"end":{"line":4,"column":55}},"4":{"start":{"line":5,"column":0},"end":{"line":5,"column":47}},"5":{"start":{"line":6,"column":0},"end":{"line":6,"column":69}},"6":{"start":{"line":8,"column":20},"end":{"line":40,"column":1}},"7":{"start":{"line":10,"column":4},"end":{"line":10,"column":33}},"8":{"start":{"line":11,"column":19},"end":{"line":11,"column":32}},"9":{"start":{"line":12,"column":21},"end":{"line":12,"column":41}},"10":{"start":{"line":15,"column":4},"end":{"line":15,"column":17}},"11":{"start":{"line":18,"column":2},"end":{"line":20,"column":32}},"12":{"start":{"line":19,"column":4},"end":{"line":19,"column":74}},"13":{"start":{"line":19,"column":45},"end":{"line":19,"column":72}},"14":{"start":{"line":22,"column":2},"end":{"line":39,"column":4}},"15":{"start":{"line":42,"column":9},"end":{"line":42,"column":20}}},"fnMap":{"0":{"name":"(anonymous_1)","decl":{"start":{"line":8,"column":20},"end":{"line":8,"column":23}},"loc":{"start":{"line":8,"column":25},"end":{"line":40,"column":1}}},"1":{"name":"onClose","decl":{"start":{"line":14,"column":11},"end":{"line":14,"column":18}},"loc":{"start":{"line":14,"column":18},"end":{"line":16,"column":3}}},"2":{"name":"(anonymous_3)","decl":{"start":{"line":18,"column":12},"end":{"line":18,"column":15}},"loc":{"start":{"line":18,"column":17},"end":{"line":20,"column":3}}},"3":{"name":"(anonymous_4)","decl":{"start":{"line":19,"column":33},"end":{"line":19,"column":34}},"loc":{"start":{"line":19,"column":45},"end":{"line":19,"column":72}}}},"branchMap":{"0":{"loc":{"start":{"line":12,"column":21},"end":{"line":12,"column":41}},"type":"binary-expr","locations":[{"start":{"line":12,"column":21},"end":{"line":12,"column":35}},{"start":{"line":12,"column":39},"end":{"line":12,"column":41}}]}},"s":{"0":1,"1":1,"2":1,"3":1,"4":1,"5":1,"6":1,"7":5,"8":5,"9":5,"10":1,"11":5,"12":2,"13":2,"14":5,"15":1},"f":{"0":5,"1":1,"2":2,"3":2},"b":{"0":[5,5]}}
,"C:\\Users\\Home\\WebstormProjects\\react-project\\src\\components\\content\\pagination\\Pagination.tsx": {"path":"C:\\Users\\Home\\WebstormProjects\\react-project\\src\\components\\content\\pagination\\Pagination.tsx","statementMap":{"0":{"start":{"line":1,"column":0},"end":{"line":1,"column":46}},"1":{"start":{"line":8,"column":19},"end":{"line":18,"column":1}},"2":{"start":{"line":9,"column":2},"end":{"line":17,"column":4}},"3":{"start":{"line":13,"column":21},"end":{"line":13,"column":45}},"4":{"start":{"line":20,"column":9},"end":{"line":20,"column":19}}},"fnMap":{"0":{"name":"(anonymous_1)","decl":{"start":{"line":8,"column":19},"end":{"line":8,"column":20}},"loc":{"start":{"line":8,"column":65},"end":{"line":18,"column":1}}},"1":{"name":"(anonymous_2)","decl":{"start":{"line":13,"column":15},"end":{"line":13,"column":18}},"loc":{"start":{"line":13,"column":21},"end":{"line":13,"column":45}}}},"branchMap":{},"s":{"0":3,"1":3,"2":8,"3":2,"4":3},"f":{"0":8,"1":2},"b":{}}
,"C:\\Users\\Home\\WebstormProjects\\react-project\\src\\components\\page404\\Page404.tsx": {"path":"C:\\Users\\Home\\WebstormProjects\\react-project\\src\\components\\page404\\Page404.tsx","statementMap":{"0":{"start":{"line":1,"column":16},"end":{"line":3,"column":1}},"1":{"start":{"line":2,"column":2},"end":{"line":2,"column":64}},"2":{"start":{"line":5,"column":9},"end":{"line":5,"column":16}}},"fnMap":{"0":{"name":"(anonymous_0)","decl":{"start":{"line":1,"column":16},"end":{"line":1,"column":19}},"loc":{"start":{"line":1,"column":21},"end":{"line":3,"column":1}}}},"branchMap":{},"s":{"0":1,"1":1,"2":1},"f":{"0":1},"b":{}}
,"C:\\Users\\Home\\WebstormProjects\\react-project\\src\\components\\search\\Search.tsx": {"path":"C:\\Users\\Home\\WebstormProjects\\react-project\\src\\components\\search\\Search.tsx","statementMap":{"0":{"start":{"line":1,"column":0},"end":{"line":1,"column":42}},"1":{"start":{"line":2,"column":0},"end":{"line":2,"column":40}},"2":{"start":{"line":3,"column":0},"end":{"line":3,"column":51}},"3":{"start":{"line":4,"column":0},"end":{"line":4,"column":48}},"4":{"start":{"line":6,"column":15},"end":{"line":43,"column":1}},"5":{"start":{"line":7,"column":40},"end":{"line":8,"column":null}},"6":{"start":{"line":10,"column":15},"end":{"line":10,"column":24}},"7":{"start":{"line":13,"column":4},"end":{"line":13,"column":27}},"8":{"start":{"line":14,"column":4},"end":{"line":20,"column":null}},"9":{"start":{"line":15,"column":6},"end":{"line":15,"column":36}},"10":{"start":{"line":16,"column":6},"end":{"line":19,"column":8}},"11":{"start":{"line":23,"column":2},"end":{"line":42,"column":4}},"12":{"start":{"line":32,"column":12},"end":{"line":32,"column":47}},"13":{"start":{"line":45,"column":9},"end":{"line":45,"column":15}}},"fnMap":{"0":{"name":"(anonymous_1)","decl":{"start":{"line":6,"column":15},"end":{"line":6,"column":18}},"loc":{"start":{"line":6,"column":20},"end":{"line":43,"column":1}}},"1":{"name":"onSubmitHandler","decl":{"start":{"line":12,"column":11},"end":{"line":12,"column":26}},"loc":{"start":{"line":12,"column":66},"end":{"line":21,"column":3}}},"2":{"name":"(anonymous_3)","decl":{"start":{"line":31,"column":20},"end":{"line":31,"column":21}},"loc":{"start":{"line":31,"column":30},"end":{"line":33,"column":11}}}},"branchMap":{"0":{"loc":{"start":{"line":8,"column":4},"end":{"line":8,"column":44}},"type":"binary-expr","locations":[{"start":{"line":8,"column":4},"end":{"line":8,"column":38}},{"start":{"line":8,"column":42},"end":{"line":8,"column":44}}]},"1":{"loc":{"start":{"line":14,"column":4},"end":{"line":20,"column":null}},"type":"if","locations":[{"start":{"line":14,"column":4},"end":{"line":20,"column":null}}]},"2":{"loc":{"start":{"line":14,"column":8},"end":{"line":14,"column":57}},"type":"binary-expr","locations":[{"start":{"line":14,"column":8},"end":{"line":14,"column":19}},{"start":{"line":14,"column":23},"end":{"line":14,"column":57}}]},"3":{"loc":{"start":{"line":18,"column":8},"end":{"line":18,"column":57}},"type":"binary-expr","locations":[{"start":{"line":18,"column":8},"end":{"line":18,"column":19}},{"start":{"line":18,"column":23},"end":{"line":18,"column":57}}]},"4":{"loc":{"start":{"line":27,"column":24},"end":{"line":27,"column":64}},"type":"binary-expr","locations":[{"start":{"line":27,"column":24},"end":{"line":27,"column":58}},{"start":{"line":27,"column":62},"end":{"line":27,"column":64}}]}},"s":{"0":1,"1":1,"2":1,"3":1,"4":1,"5":10,"6":10,"7":2,"8":2,"9":1,"10":1,"11":10,"12":4,"13":1},"f":{"0":10,"1":2,"2":4},"b":{"0":[10,8],"1":[1],"2":[2,1],"3":[1,0],"4":[10,8]}}
}
