TN:
SF:src\components\content\Content.tsx
FN:11,(anonymous_1)
FN:19,(anonymous_2)
FN:30,(anonymous_3)
FN:31,(anonymous_4)
FN:35,onDetailsCard
FN:39,sendPageNumber
FN:54,(anonymous_7)
FN:61,(anonymous_8)
FN:71,(anonymous_9)
FN:83,(anonymous_10)
FN:100,(anonymous_11)
FNF:11
FNH:11
FNDA:16,(anonymous_1)
FNDA:7,(anonymous_2)
FNDA:5,(anonymous_3)
FNDA:5,(anonymous_4)
FNDA:1,onDetailsCard
FNDA:1,sendPageNumber
FNDA:12,(anonymous_7)
FNDA:12,(anonymous_8)
FNDA:1,(anonymous_9)
FNDA:1,(anonymous_10)
FNDA:7,(anonymous_11)
DA:1,2
DA:2,2
DA:3,2
DA:4,2
DA:5,2
DA:6,2
DA:7,2
DA:8,2
DA:9,2
DA:11,2
DA:12,16
DA:13,16
DA:14,16
DA:17,16
DA:19,16
DA:20,7
DA:21,7
DA:22,7
DA:23,5
DA:30,5
DA:31,5
DA:36,1
DA:40,1
DA:41,1
DA:45,16
DA:46,9
DA:49,7
DA:55,12
DA:62,12
DA:63,12
DA:71,1
DA:84,1
DA:85,1
DA:101,7
DA:114,2
LF:35
LH:35
BRDA:22,0,0,5
BRDA:22,1,0,7
BRDA:22,1,1,2
BRDA:24,2,0,5
BRDA:24,2,1,0
BRDA:24,2,2,0
BRDA:25,3,0,1
BRDA:25,3,1,4
BRDA:27,4,0,4
BRDA:27,4,1,0
BRDA:40,5,0,1
BRDA:45,6,0,9
BRDA:52,7,0,6
BRDA:52,7,1,1
BRDA:55,8,0,6
BRDA:55,8,1,6
BRDA:56,9,0,6
BRDA:56,9,1,0
BRDA:96,10,0,4
BRDA:96,10,1,3
BRDA:98,11,0,3
BRDA:98,11,1,3
BRF:22
BRH:18
end_of_record
TN:
SF:src\components\content\Card\Card.tsx
FN:12,(anonymous_0)
FNF:1
FNH:1
FNDA:13,(anonymous_0)
DA:12,3
DA:20,13
DA:32,3
LF:3
LH:3
BRF:0
BRH:0
end_of_record
TN:
SF:src\components\content\card-details\CardDetails.tsx
FN:8,(anonymous_1)
FN:14,onClose
FN:18,(anonymous_3)
FN:19,(anonymous_4)
FNF:4
FNH:4
FNDA:5,(anonymous_1)
FNDA:1,onClose
FNDA:2,(anonymous_3)
FNDA:2,(anonymous_4)
DA:1,1
DA:2,1
DA:3,1
DA:4,1
DA:5,1
DA:6,1
DA:8,1
DA:10,5
DA:11,5
DA:12,5
DA:15,1
DA:18,5
DA:19,2
DA:22,5
DA:42,1
LF:15
LH:15
BRDA:12,0,0,5
BRDA:12,0,1,5
BRF:2
BRH:2
end_of_record
TN:
SF:src\components\content\pagination\Pagination.tsx
FN:8,(anonymous_1)
FN:13,(anonymous_2)
FNF:2
FNH:2
FNDA:8,(anonymous_1)
FNDA:2,(anonymous_2)
DA:1,3
DA:8,3
DA:9,8
DA:13,2
DA:20,3
LF:5
LH:5
BRF:0
BRH:0
end_of_record
TN:
SF:src\components\page404\Page404.tsx
FN:1,(anonymous_0)
FNF:1
FNH:1
FNDA:1,(anonymous_0)
DA:1,1
DA:2,1
DA:5,1
LF:3
LH:3
BRF:0
BRH:0
end_of_record
TN:
SF:src\components\search\Search.tsx
FN:6,(anonymous_1)
FN:12,onSubmitHandler
FN:31,(anonymous_3)
FNF:3
FNH:3
FNDA:10,(anonymous_1)
FNDA:2,onSubmitHandler
FNDA:4,(anonymous_3)
DA:1,1
DA:2,1
DA:3,1
DA:4,1
DA:6,1
DA:7,10
DA:10,10
DA:13,2
DA:14,2
DA:15,1
DA:16,1
DA:23,10
DA:32,4
DA:45,1
LF:14
LH:14
BRDA:8,0,0,10
BRDA:8,0,1,8
BRDA:14,1,0,1
BRDA:14,2,0,2
BRDA:14,2,1,1
BRDA:18,3,0,1
BRDA:18,3,1,0
BRDA:27,4,0,10
BRDA:27,4,1,8
BRF:9
BRH:8
end_of_record
